2025-02-18 17:19:48,612 - root - INFO - Logging system initialized
2025-02-18 17:19:48,612 - app.main - INFO - Configuring CORS middleware
2025-02-18 17:19:48,612 - app.main - INFO - Initializing API routes
2025-02-18 17:19:48,695 - app.db.session - INFO - Attempting to connect to database at: localhost:5432
2025-02-18 17:19:48,711 - app.db.session - INFO - Database engine created successfully
2025-02-18 17:19:48,711 - app.db.session - INFO - Session maker initialized
2025-02-18 17:19:48,748 - app.main - INFO - Application startup initiated
2025-02-18 17:19:48,748 - app.main - INFO - Initializing database
2025-02-18 17:19:48,765 - sqlalchemy.engine.Engine - INFO - select pg_catalog.version()
2025-02-18 17:19:48,765 - sqlalchemy.engine.Engine - INFO - [raw sql] {}
2025-02-18 17:19:48,766 - sqlalchemy.engine.Engine - INFO - select current_schema()
2025-02-18 17:19:48,766 - sqlalchemy.engine.Engine - INFO - [raw sql] {}
2025-02-18 17:19:48,766 - sqlalchemy.engine.Engine - INFO - show standard_conforming_strings
2025-02-18 17:19:48,766 - sqlalchemy.engine.Engine - INFO - [raw sql] {}
2025-02-18 17:19:48,767 - sqlalchemy.engine.Engine - INFO - BEGIN (implicit)
2025-02-18 17:19:48,767 - sqlalchemy.engine.Engine - INFO - COMMIT
2025-02-18 17:19:48,767 - app.main - INFO - Database initialization completed
2025-02-18 17:20:02,587 - root - INFO - Logging system initialized
2025-02-18 17:20:02,587 - app.main - INFO - Configuring CORS middleware
2025-02-18 17:20:02,587 - app.main - INFO - Initializing API routes
2025-02-18 17:20:02,667 - app.db.session - INFO - Attempting to connect to database at: localhost:5432
2025-02-18 17:20:02,682 - app.db.session - INFO - Database engine created successfully
2025-02-18 17:20:02,682 - app.db.session - INFO - Session maker initialized
2025-02-18 17:20:02,720 - app.main - INFO - Application startup initiated
2025-02-18 17:20:02,720 - app.main - INFO - Initializing database
2025-02-18 17:20:02,733 - sqlalchemy.engine.Engine - INFO - select pg_catalog.version()
2025-02-18 17:20:02,733 - sqlalchemy.engine.Engine - INFO - [raw sql] {}
2025-02-18 17:20:02,734 - sqlalchemy.engine.Engine - INFO - select current_schema()
2025-02-18 17:20:02,734 - sqlalchemy.engine.Engine - INFO - [raw sql] {}
2025-02-18 17:20:02,734 - sqlalchemy.engine.Engine - INFO - show standard_conforming_strings
2025-02-18 17:20:02,734 - sqlalchemy.engine.Engine - INFO - [raw sql] {}
2025-02-18 17:20:02,735 - sqlalchemy.engine.Engine - INFO - BEGIN (implicit)
2025-02-18 17:20:02,735 - sqlalchemy.engine.Engine - INFO - COMMIT
2025-02-18 17:20:02,735 - app.main - INFO - Database initialization completed
2025-02-18 17:21:17,678 - app.main - INFO - Application shutdown initiated
2025-02-18 17:21:17,986 - root - INFO - Logging system initialized
2025-02-18 17:21:17,986 - app.main - INFO - Configuring CORS middleware
2025-02-18 17:21:17,986 - app.main - INFO - Initializing API routes
2025-02-18 17:21:18,063 - app.db.session - INFO - Attempting to connect to database at: localhost:5432
2025-02-18 17:21:18,077 - app.db.session - INFO - Database engine created successfully
2025-02-18 17:21:18,077 - app.db.session - INFO - Session maker initialized
2025-02-18 17:21:18,113 - app.main - INFO - Application startup initiated
2025-02-18 17:21:18,114 - app.main - INFO - Initializing database
2025-02-18 17:21:18,127 - sqlalchemy.engine.Engine - INFO - select pg_catalog.version()
2025-02-18 17:21:18,127 - sqlalchemy.engine.Engine - INFO - [raw sql] {}
2025-02-18 17:21:18,128 - sqlalchemy.engine.Engine - INFO - select current_schema()
2025-02-18 17:21:18,128 - sqlalchemy.engine.Engine - INFO - [raw sql] {}
2025-02-18 17:21:18,128 - sqlalchemy.engine.Engine - INFO - show standard_conforming_strings
2025-02-18 17:21:18,128 - sqlalchemy.engine.Engine - INFO - [raw sql] {}
2025-02-18 17:21:18,129 - sqlalchemy.engine.Engine - INFO - BEGIN (implicit)
2025-02-18 17:21:18,129 - sqlalchemy.engine.Engine - INFO - COMMIT
2025-02-18 17:21:18,129 - app.main - INFO - Database initialization completed
2025-02-18 17:21:37,016 - root - INFO - Logging system initialized
2025-02-18 17:21:37,016 - app.main - INFO - Configuring CORS middleware
2025-02-18 17:21:37,016 - app.main - INFO - Initializing API routes
2025-02-18 17:21:37,096 - app.db.session - INFO - Attempting to connect to database at: localhost:5432
2025-02-18 17:21:37,111 - app.db.session - INFO - Database engine created successfully
2025-02-18 17:21:37,111 - app.db.session - INFO - Session maker initialized
2025-02-18 17:21:37,147 - app.main - INFO - Application startup initiated
2025-02-18 17:21:37,147 - app.main - INFO - Initializing database
2025-02-18 17:21:37,160 - sqlalchemy.engine.Engine - INFO - select pg_catalog.version()
2025-02-18 17:21:37,160 - sqlalchemy.engine.Engine - INFO - [raw sql] {}
2025-02-18 17:21:37,161 - sqlalchemy.engine.Engine - INFO - select current_schema()
2025-02-18 17:21:37,161 - sqlalchemy.engine.Engine - INFO - [raw sql] {}
2025-02-18 17:21:37,161 - sqlalchemy.engine.Engine - INFO - show standard_conforming_strings
2025-02-18 17:21:37,161 - sqlalchemy.engine.Engine - INFO - [raw sql] {}
2025-02-18 17:21:37,162 - sqlalchemy.engine.Engine - INFO - BEGIN (implicit)
2025-02-18 17:21:37,162 - sqlalchemy.engine.Engine - INFO - COMMIT
2025-02-18 17:21:37,162 - app.main - INFO - Database initialization completed
2025-02-18 17:29:15,970 - sqlalchemy.engine.Engine - INFO - BEGIN (implicit)
2025-02-18 17:29:15,972 - sqlalchemy.engine.Engine - INFO - SELECT users.id AS users_id, users.email AS users_email, users.hashed_password AS users_hashed_password, users.full_name AS users_full_name, users.is_active AS users_is_active, users.is_verified AS users_is_verified, users.is_superuser AS users_is_superuser, users.role AS users_role, users.created_at AS users_created_at, users.updated_at AS users_updated_at, users.last_login AS users_last_login
FROM users
WHERE users.email = %(email_1)s
 LIMIT %(param_1)s
2025-02-18 17:29:15,972 - sqlalchemy.engine.Engine - INFO - [generated in 0.00015s] {'email_1': 'test@example.com', 'param_1': 1}
2025-02-18 17:29:15,975 - passlib.handlers.bcrypt - WARNING - (trapped) error reading bcrypt version
Traceback (most recent call last):
  File "/Users/allan/Library/Python/3.9/lib/python/site-packages/passlib/handlers/bcrypt.py", line 620, in _load_backend_mixin
    version = _bcrypt.__about__.__version__
AttributeError: module 'bcrypt' has no attribute '__about__'
2025-02-18 17:29:16,182 - sqlalchemy.engine.Engine - INFO - UPDATE users SET updated_at=%(updated_at)s, last_login=%(last_login)s WHERE users.id = %(users_id)s
2025-02-18 17:29:16,182 - sqlalchemy.engine.Engine - INFO - [generated in 0.00014s] {'updated_at': datetime.datetime(2025, 2, 18, 22, 29, 16, 182713), 'last_login': datetime.datetime(2025, 2, 18, 22, 29, 16, 181655), 'users_id': 1}
2025-02-18 17:29:16,185 - sqlalchemy.engine.Engine - INFO - COMMIT
2025-02-18 17:29:16,187 - sqlalchemy.engine.Engine - INFO - BEGIN (implicit)
2025-02-18 17:29:16,187 - sqlalchemy.engine.Engine - INFO - SELECT users.id AS users_id, users.email AS users_email, users.hashed_password AS users_hashed_password, users.full_name AS users_full_name, users.is_active AS users_is_active, users.is_verified AS users_is_verified, users.is_superuser AS users_is_superuser, users.role AS users_role, users.created_at AS users_created_at, users.updated_at AS users_updated_at, users.last_login AS users_last_login
FROM users
WHERE users.id = %(pk_1)s
2025-02-18 17:29:16,187 - sqlalchemy.engine.Engine - INFO - [generated in 0.00011s] {'pk_1': 1}
2025-02-18 17:29:16,190 - sqlalchemy.engine.Engine - INFO - ROLLBACK
2025-02-18 17:32:57,914 - app.main - INFO - Application shutdown initiated
