2025-02-18T22:47:49.355685 - Thread-4 - jsquared.db - INFO - {'event': 'database_metrics', 'metrics': {'active_connections': 0, 'query_times': {}, 'deadlocks': 0, 'cache_hits': 0, 'cache_misses': 0}, 'timestamp': '2025-02-18T22:47:49.355654'}
2025-02-18T22:47:49.355685 - Thread-4 - jsquared.db - INFO - {'event': 'database_metrics', 'metrics': {'active_connections': 0, 'query_times': {}, 'deadlocks': 0, 'cache_hits': 0, 'cache_misses': 0}, 'timestamp': '2025-02-18T22:47:49.355609'}
2025-02-18T22:48:00.287511 - Thread-4 - jsquared.db - INFO - {'event': 'database_metrics', 'metrics': {'active_connections': 0, 'query_times': {}, 'deadlocks': 0, 'cache_hits': 0, 'cache_misses': 0}, 'timestamp': '2025-02-18T22:48:00.287467'}
2025-02-18T22:48:00.321449 - Thread-4 - jsquared.db - INFO - {'event': 'database_metrics', 'metrics': {'active_connections': 0, 'query_times': {}, 'deadlocks': 0, 'cache_hits': 0, 'cache_misses': 0}, 'timestamp': '2025-02-18T22:48:00.321421'}
2025-02-18T22:50:09.675070 - Thread-4 - jsquared.db - INFO - {'event': 'database_metrics', 'metrics': {'active_connections': 0, 'query_times': {}, 'deadlocks': 0, 'cache_hits': 0, 'cache_misses': 0}, 'timestamp': '2025-02-18T22:50:09.675033'}
2025-02-18T22:50:09.714941 - Thread-4 - jsquared.db - INFO - {'event': 'database_metrics', 'metrics': {'active_connections': 0, 'query_times': {}, 'deadlocks': 0, 'cache_hits': 0, 'cache_misses': 0}, 'timestamp': '2025-02-18T22:50:09.714900'}
2025-02-18T22:56:23.246878 - Thread-4 - jsquared.db - INFO - {'event': 'database_metrics', 'metrics': {'active_connections': 0, 'query_times': {}, 'deadlocks': 0, 'cache_hits': 0, 'cache_misses': 0}, 'timestamp': '2025-02-18T22:56:23.246683'}
2025-02-18T22:56:23.248399 - Thread-4 - jsquared.db - INFO - {'event': 'database_metrics', 'metrics': {'active_connections': 0, 'query_times': {}, 'deadlocks': 0, 'cache_hits': 0, 'cache_misses': 0}, 'timestamp': '2025-02-18T22:56:23.248357'}
2025-02-18T22:56:35.944134 - Thread-4 - jsquared.db - INFO - {'event': 'database_metrics', 'metrics': {'active_connections': 0, 'query_times': {}, 'deadlocks': 0, 'cache_hits': 0, 'cache_misses': 0}, 'timestamp': '2025-02-18T22:56:35.944103'}
2025-02-18T22:56:35.948868 - Thread-4 - jsquared.db - INFO - {'event': 'database_metrics', 'metrics': {'active_connections': 0, 'query_times': {}, 'deadlocks': 0, 'cache_hits': 0, 'cache_misses': 0}, 'timestamp': '2025-02-18T22:56:35.948823'}
2025-02-18T22:56:37.853971 - Thread-4 - jsquared.db - INFO - {'event': 'database_metrics', 'metrics': {'active_connections': 0, 'query_times': {}, 'deadlocks': 0, 'cache_hits': 0, 'cache_misses': 0}, 'timestamp': '2025-02-18T22:56:37.853929'}
2025-02-18T22:56:37.854036 - Thread-4 - jsquared.db - INFO - {'event': 'database_metrics', 'metrics': {'active_connections': 0, 'query_times': {}, 'deadlocks': 0, 'cache_hits': 0, 'cache_misses': 0}, 'timestamp': '2025-02-18T22:56:37.853991'}
2025-02-18T23:53:59.843921 - Thread-4 - jsquared.db - INFO - {'event': 'database_metrics', 'metrics': {'active_connections': 0, 'query_times': {}, 'deadlocks': 0, 'cache_hits': 0, 'cache_misses': 0}, 'timestamp': '2025-02-18T23:53:59.843863'}
2025-02-18T23:54:39.112250 - Thread-4 - jsquared.db - INFO - {'event': 'database_metrics', 'metrics': {'active_connections': 0, 'query_times': {}, 'deadlocks': 0, 'cache_hits': 0, 'cache_misses': 0}, 'timestamp': '2025-02-18T23:54:39.112211'}
2025-02-18T23:57:15.973175 - Thread-4 - jsquared.db - INFO - {'event': 'database_metrics', 'metrics': {'active_connections': 0, 'query_times': {}, 'deadlocks': 0, 'cache_hits': 0, 'cache_misses': 0}, 'timestamp': '2025-02-18T23:57:15.973143'}
2025-02-18T23:57:16.057706 - MainThread - jsquared.db - ERROR - {'event': 'database_initialization_failed', 'error': "Textual SQL expression 'SELECT 1' should be explicitly declared as text('SELECT 1')"}
2025-02-19T00:01:57.332312 - Thread-4 (monitor) - jsquared.db - INFO - {'event': 'database_metrics', 'metrics': {'active_connections': 0, 'query_times': {}, 'deadlocks': 0, 'cache_hits': 0, 'cache_misses': 0}, 'timestamp': '2025-02-19T00:01:57.332174'}
2025-02-19T00:01:58.353431 - MainThread - jsquared.db - INFO - {'event': 'database_initialized', 'status': 'success'}
2025-02-19T00:02:27.356393 - Thread-4 (monitor) - jsquared.db - INFO - {'event': 'database_metrics', 'metrics': {'active_connections': 0, 'query_times': {}, 'deadlocks': 0, 'cache_hits': 0, 'cache_misses': 0}, 'timestamp': '2025-02-19T00:02:27.355753'}
2025-02-19T00:02:57.362388 - Thread-4 (monitor) - jsquared.db - INFO - {'event': 'database_metrics', 'metrics': {'active_connections': 0, 'query_times': {}, 'deadlocks': 0, 'cache_hits': 0, 'cache_misses': 0}, 'timestamp': '2025-02-19T00:02:57.362146'}
2025-02-19T00:03:27.368333 - Thread-4 (monitor) - jsquared.db - INFO - {'event': 'database_metrics', 'metrics': {'active_connections': 0, 'query_times': {}, 'deadlocks': 0, 'cache_hits': 0, 'cache_misses': 0}, 'timestamp': '2025-02-19T00:03:27.368014'}
2025-02-19T00:03:57.369454 - Thread-4 (monitor) - jsquared.db - INFO - {'event': 'database_metrics', 'metrics': {'active_connections': 0, 'query_times': {}, 'deadlocks': 0, 'cache_hits': 0, 'cache_misses': 0}, 'timestamp': '2025-02-19T00:03:57.369238'}
2025-02-19T00:04:27.375724 - Thread-4 (monitor) - jsquared.db - INFO - {'event': 'database_metrics', 'metrics': {'active_connections': 0, 'query_times': {}, 'deadlocks': 0, 'cache_hits': 0, 'cache_misses': 0}, 'timestamp': '2025-02-19T00:04:27.375121'}
2025-02-19T00:16:24.271388 - Thread-4 (monitor) - jsquared.db - INFO - {'event': 'database_metrics', 'metrics': {'active_connections': 0, 'query_times': {}, 'deadlocks': 0, 'cache_hits': 0, 'cache_misses': 0}, 'timestamp': '2025-02-19T00:16:24.250923'}
2025-02-19T00:16:35.648148 - Thread-4 (monitor) - jsquared.db - INFO - {'event': 'database_metrics', 'metrics': {'active_connections': 0, 'query_times': {}, 'deadlocks': 0, 'cache_hits': 0, 'cache_misses': 0}, 'timestamp': '2025-02-19T00:16:35.635371'}
2025-02-19T00:16:58.185718 - Thread-4 (monitor) - jsquared.db - INFO - {'event': 'database_metrics', 'metrics': {'active_connections': 0, 'query_times': {}, 'deadlocks': 0, 'cache_hits': 0, 'cache_misses': 0}, 'timestamp': '2025-02-19T00:16:58.165156'}
2025-02-19T00:17:17.237738 - Thread-4 (monitor) - jsquared.db - INFO - {'event': 'database_metrics', 'metrics': {'active_connections': 0, 'query_times': {}, 'deadlocks': 0, 'cache_hits': 0, 'cache_misses': 0}, 'timestamp': '2025-02-19T00:17:17.217717'}
2025-02-19T00:17:43.768840 - Thread-4 (monitor) - jsquared.db - INFO - {'event': 'database_metrics', 'metrics': {'active_connections': 0, 'query_times': {}, 'deadlocks': 0, 'cache_hits': 0, 'cache_misses': 0}, 'timestamp': '2025-02-19T00:17:43.749444'}
2025-02-19T00:17:58.591580 - Thread-4 (monitor) - jsquared.db - INFO - {'event': 'database_metrics', 'metrics': {'active_connections': 0, 'query_times': {}, 'deadlocks': 0, 'cache_hits': 0, 'cache_misses': 0}, 'timestamp': '2025-02-19T00:17:58.571516'}
2025-02-19T00:19:42.512225 - Thread-4 (monitor) - jsquared.db - INFO - {'event': 'database_metrics', 'metrics': {'active_connections': 0, 'query_times': {}, 'deadlocks': 0, 'cache_hits': 0, 'cache_misses': 0}, 'timestamp': '2025-02-19T00:19:42.492155'}
2025-02-19T00:20:14.170509 - Thread-4 (monitor) - jsquared.db - INFO - {'event': 'database_metrics', 'metrics': {'active_connections': 0, 'query_times': {}, 'deadlocks': 0, 'cache_hits': 0, 'cache_misses': 0}, 'timestamp': '2025-02-19T00:20:14.149462'}
2025-02-19T00:20:31.479215 - Thread-4 (monitor) - jsquared.db - INFO - {'event': 'database_metrics', 'metrics': {'active_connections': 0, 'query_times': {}, 'deadlocks': 0, 'cache_hits': 0, 'cache_misses': 0}, 'timestamp': '2025-02-19T00:20:31.458342'}
2025-02-19T00:30:32.981824 - Thread-4 (monitor) - jsquared.db - INFO - {'event': 'database_metrics', 'metrics': {'active_connections': 0, 'query_times': {}, 'deadlocks': 0, 'cache_hits': 0, 'cache_misses': 0}, 'timestamp': '2025-02-19T00:30:32.961835'}
2025-02-19T00:40:43.364021 - Thread-4 (monitor) - jsquared.db - INFO - {'event': 'database_metrics', 'metrics': {'active_connections': 0, 'query_times': {}, 'deadlocks': 0, 'cache_hits': 0, 'cache_misses': 0}, 'timestamp': '2025-02-19T00:40:43.350620'}
2025-02-19T00:41:25.483026 - Thread-4 (monitor) - jsquared.db - INFO - {'event': 'database_metrics', 'metrics': {'active_connections': 0, 'query_times': {}, 'deadlocks': 0, 'cache_hits': 0, 'cache_misses': 0}, 'timestamp': '2025-02-19T00:41:25.463418'}
2025-02-19T00:42:29.963598 - Thread-4 (monitor) - jsquared.db - INFO - {'event': 'database_metrics', 'metrics': {'active_connections': 0, 'query_times': {}, 'deadlocks': 0, 'cache_hits': 0, 'cache_misses': 0}, 'timestamp': '2025-02-19T00:42:29.943669'}
2025-02-19T00:44:49.450135 - Thread-4 (monitor) - jsquared.db - INFO - {'event': 'database_metrics', 'metrics': {'active_connections': 0, 'query_times': {}, 'deadlocks': 0, 'cache_hits': 0, 'cache_misses': 0}, 'timestamp': '2025-02-19T00:44:49.430410'}
2025-02-19T00:46:24.520638 - Thread-4 (monitor) - jsquared.db - INFO - {'event': 'database_metrics', 'metrics': {'active_connections': 0, 'query_times': {}, 'deadlocks': 0, 'cache_hits': 0, 'cache_misses': 0}, 'timestamp': '2025-02-19T00:46:24.500277'}
2025-02-19T01:02:47.326854 - Thread-4 (monitor) - jsquared.db - INFO - {'event': 'database_metrics', 'metrics': {'active_connections': 0, 'query_times': {}, 'deadlocks': 0, 'cache_hits': 0, 'cache_misses': 0}, 'timestamp': '2025-02-19T01:02:47.306547'}
2025-02-19T01:17:05.057821 - Thread-4 (monitor) - jsquared.db - INFO - {'event': 'database_metrics', 'metrics': {'active_connections': 0, 'query_times': {}, 'deadlocks': 0, 'cache_hits': 0, 'cache_misses': 0}, 'timestamp': '2025-02-19T01:17:05.036197'}
2025-02-19T01:19:27.719567 - Thread-4 (monitor) - jsquared.db - INFO - {'event': 'database_metrics', 'metrics': {'active_connections': 0, 'query_times': {}, 'deadlocks': 0, 'cache_hits': 0, 'cache_misses': 0}, 'timestamp': '2025-02-19T01:19:27.698658'}
2025-02-19T01:21:18.063253 - Thread-4 (monitor) - jsquared.db - INFO - {'event': 'database_metrics', 'metrics': {'active_connections': 0, 'query_times': {}, 'deadlocks': 0, 'cache_hits': 0, 'cache_misses': 0}, 'timestamp': '2025-02-19T01:21:18.042773'}
2025-02-19T01:22:13.702453 - Thread-4 (monitor) - jsquared.db - INFO - {'event': 'database_metrics', 'metrics': {'active_connections': 0, 'query_times': {}, 'deadlocks': 0, 'cache_hits': 0, 'cache_misses': 0}, 'timestamp': '2025-02-19T01:22:13.680631'}
2025-02-19T01:23:03.717802 - Thread-4 (monitor) - jsquared.db - INFO - {'event': 'database_metrics', 'metrics': {'active_connections': 0, 'query_times': {}, 'deadlocks': 0, 'cache_hits': 0, 'cache_misses': 0}, 'timestamp': '2025-02-19T01:23:03.696178'}
2025-02-19T01:23:47.496579 - Thread-4 (monitor) - jsquared.db - INFO - {'event': 'database_metrics', 'metrics': {'active_connections': 0, 'query_times': {}, 'deadlocks': 0, 'cache_hits': 0, 'cache_misses': 0}, 'timestamp': '2025-02-19T01:23:47.486864'}
2025-02-19T01:26:18.091238 - Thread-4 (monitor) - jsquared.db - INFO - {'event': 'database_metrics', 'metrics': {'active_connections': 0, 'query_times': {}, 'deadlocks': 0, 'cache_hits': 0, 'cache_misses': 0}, 'timestamp': '2025-02-19T01:26:18.069709'}
2025-02-19T01:30:51.702151 - Thread-4 (monitor) - jsquared.db - INFO - {'event': 'database_metrics', 'metrics': {'active_connections': 0, 'query_times': {}, 'deadlocks': 0, 'cache_hits': 0, 'cache_misses': 0}, 'timestamp': '2025-02-19T01:30:51.687212'}
2025-02-19T01:31:57.444502 - Thread-4 (monitor) - jsquared.db - INFO - {'event': 'database_metrics', 'metrics': {'active_connections': 0, 'query_times': {}, 'deadlocks': 0, 'cache_hits': 0, 'cache_misses': 0}, 'timestamp': '2025-02-19T01:31:57.423129'}
2025-02-19T01:32:24.045708 - Thread-4 (monitor) - jsquared.db - INFO - {'event': 'database_metrics', 'metrics': {'active_connections': 0, 'query_times': {}, 'deadlocks': 0, 'cache_hits': 0, 'cache_misses': 0}, 'timestamp': '2025-02-19T01:32:24.023946'}
2025-02-19T01:33:25.408127 - Thread-4 (monitor) - jsquared.db - INFO - {'event': 'database_metrics', 'metrics': {'active_connections': 0, 'query_times': {}, 'deadlocks': 0, 'cache_hits': 0, 'cache_misses': 0}, 'timestamp': '2025-02-19T01:33:25.386779'}
2025-02-19T01:54:46.937983 - Thread-4 (monitor) - jsquared.db - INFO - {'event': 'database_metrics', 'metrics': {'active_connections': 0, 'query_times': {}, 'deadlocks': 0, 'cache_hits': 0, 'cache_misses': 0}, 'timestamp': '2025-02-19T01:54:46.917247'}
2025-02-19T01:55:09.491899 - Thread-4 (monitor) - jsquared.db - INFO - {'event': 'database_metrics', 'metrics': {'active_connections': 0, 'query_times': {}, 'deadlocks': 0, 'cache_hits': 0, 'cache_misses': 0}, 'timestamp': '2025-02-19T01:55:09.471049'}
2025-02-19T01:56:05.157846 - Thread-4 (monitor) - jsquared.db - INFO - {'event': 'database_metrics', 'metrics': {'active_connections': 0, 'query_times': {}, 'deadlocks': 0, 'cache_hits': 0, 'cache_misses': 0}, 'timestamp': '2025-02-19T01:56:05.143256'}
2025-02-19T01:57:20.254745 - Thread-4 (monitor) - jsquared.db - INFO - {'event': 'database_metrics', 'metrics': {'active_connections': 0, 'query_times': {}, 'deadlocks': 0, 'cache_hits': 0, 'cache_misses': 0}, 'timestamp': '2025-02-19T01:57:20.245018'}
2025-02-19T02:17:39.201361 - Thread-4 (monitor) - jsquared.db - INFO - {'event': 'database_metrics', 'metrics': {'active_connections': 0, 'query_times': {}, 'deadlocks': 0, 'cache_hits': 0, 'cache_misses': 0}, 'timestamp': '2025-02-19T02:17:39.181303'}
2025-02-19T02:19:50.456649 - Thread-4 (monitor) - jsquared.db - INFO - {'event': 'database_metrics', 'metrics': {'active_connections': 0, 'query_times': {}, 'deadlocks': 0, 'cache_hits': 0, 'cache_misses': 0}, 'timestamp': '2025-02-19T02:19:50.435856'}
2025-02-19T02:20:26.494871 - Thread-4 (monitor) - jsquared.db - INFO - {'event': 'database_metrics', 'metrics': {'active_connections': 0, 'query_times': {}, 'deadlocks': 0, 'cache_hits': 0, 'cache_misses': 0}, 'timestamp': '2025-02-19T02:20:26.474319'}
2025-02-19T02:23:04.142979 - Thread-4 (monitor) - jsquared.db - INFO - {'event': 'database_metrics', 'metrics': {'active_connections': 0, 'query_times': {}, 'deadlocks': 0, 'cache_hits': 0, 'cache_misses': 0}, 'timestamp': '2025-02-19T02:23:04.142400'}
2025-02-19T02:23:49.967463 - Thread-4 (monitor) - jsquared.db - INFO - {'event': 'database_metrics', 'metrics': {'active_connections': 0, 'query_times': {}, 'deadlocks': 0, 'cache_hits': 0, 'cache_misses': 0}, 'timestamp': '2025-02-19T02:23:49.947082'}
2025-02-19T02:25:01.237736 - Thread-4 (monitor) - jsquared.db - INFO - {'event': 'database_metrics', 'metrics': {'active_connections': 0, 'query_times': {}, 'deadlocks': 0, 'cache_hits': 0, 'cache_misses': 0}, 'timestamp': '2025-02-19T02:25:01.216963'}
2025-02-19T02:25:31.766655 - Thread-4 (monitor) - jsquared.db - INFO - {'event': 'database_metrics', 'metrics': {'active_connections': 0, 'query_times': {}, 'deadlocks': 0, 'cache_hits': 0, 'cache_misses': 0}, 'timestamp': '2025-02-19T02:25:31.745698'}
2025-02-19T02:26:18.922060 - Thread-4 (monitor) - jsquared.db - INFO - {'event': 'database_metrics', 'metrics': {'active_connections': 0, 'query_times': {}, 'deadlocks': 0, 'cache_hits': 0, 'cache_misses': 0}, 'timestamp': '2025-02-19T02:26:18.901599'}
2025-02-19T02:27:10.825959 - Thread-4 (monitor) - jsquared.db - INFO - {'event': 'database_metrics', 'metrics': {'active_connections': 0, 'query_times': {}, 'deadlocks': 0, 'cache_hits': 0, 'cache_misses': 0}, 'timestamp': '2025-02-19T02:27:10.805254'}
2025-02-19T02:27:48.581759 - Thread-4 (monitor) - jsquared.db - INFO - {'event': 'database_metrics', 'metrics': {'active_connections': 0, 'query_times': {}, 'deadlocks': 0, 'cache_hits': 0, 'cache_misses': 0}, 'timestamp': '2025-02-19T02:27:48.559289'}
2025-02-19T02:31:46.371833 - Thread-4 (monitor) - jsquared.db - INFO - {'event': 'database_metrics', 'metrics': {'active_connections': 0, 'query_times': {}, 'deadlocks': 0, 'cache_hits': 0, 'cache_misses': 0}, 'timestamp': '2025-02-19T02:31:46.351222'}
2025-02-19T02:32:00.406368 - Thread-4 (monitor) - jsquared.db - INFO - {'event': 'database_metrics', 'metrics': {'active_connections': 0, 'query_times': {}, 'deadlocks': 0, 'cache_hits': 0, 'cache_misses': 0}, 'timestamp': '2025-02-19T02:32:00.385577'}
2025-02-19T02:32:10.205295 - Thread-4 (monitor) - jsquared.db - INFO - {'event': 'database_metrics', 'metrics': {'active_connections': 0, 'query_times': {}, 'deadlocks': 0, 'cache_hits': 0, 'cache_misses': 0}, 'timestamp': '2025-02-19T02:32:10.190890'}
2025-02-19T02:36:28.475214 - Thread-4 (monitor) - jsquared.db - INFO - {'event': 'database_metrics', 'metrics': {'active_connections': 0, 'query_times': {}, 'deadlocks': 0, 'cache_hits': 0, 'cache_misses': 0}, 'timestamp': '2025-02-19T02:36:28.454107'}
2025-02-19T02:37:21.700068 - Thread-4 (monitor) - jsquared.db - INFO - {'event': 'database_metrics', 'metrics': {'active_connections': 0, 'query_times': {}, 'deadlocks': 0, 'cache_hits': 0, 'cache_misses': 0}, 'timestamp': '2025-02-19T02:37:21.678772'}
2025-02-19T02:38:04.357306 - Thread-4 (monitor) - jsquared.db - INFO - {'event': 'database_metrics', 'metrics': {'active_connections': 0, 'query_times': {}, 'deadlocks': 0, 'cache_hits': 0, 'cache_misses': 0}, 'timestamp': '2025-02-19T02:38:04.335928'}
2025-02-19T05:03:19.385962 - Thread-4 - jsquared.db - INFO - {'event': 'database_metrics', 'metrics': {'active_connections': 0, 'query_times': {}, 'deadlocks': 0, 'cache_hits': 0, 'cache_misses': 0}, 'timestamp': '2025-02-19T05:03:19.372379'}
2025-02-19T05:03:34.288013 - Thread-4 - jsquared.db - INFO - {'event': 'database_metrics', 'metrics': {'active_connections': 0, 'query_times': {}, 'deadlocks': 0, 'cache_hits': 0, 'cache_misses': 0}, 'timestamp': '2025-02-19T05:03:34.259966'}
2025-02-19T05:03:54.856360 - Thread-4 - jsquared.db - INFO - {'event': 'database_metrics', 'metrics': {'active_connections': 0, 'query_times': {}, 'deadlocks': 0, 'cache_hits': 0, 'cache_misses': 0}, 'timestamp': '2025-02-19T05:03:54.843437'}
2025-02-19T06:31:22.894712 - Thread-4 - jsquared.db - INFO - {'event': 'database_metrics', 'metrics': {'active_connections': 0, 'query_times': {}, 'deadlocks': 0, 'cache_hits': 0, 'cache_misses': 0}, 'timestamp': '2025-02-19T06:31:22.894514'}
2025-02-19T06:31:42.183650 - Thread-4 - jsquared.db - INFO - {'event': 'database_metrics', 'metrics': {'active_connections': 0, 'query_times': {}, 'deadlocks': 0, 'cache_hits': 0, 'cache_misses': 0}, 'timestamp': '2025-02-19T06:31:42.183606'}
2025-02-19T06:32:08.980584 - Thread-4 - jsquared.db - INFO - {'event': 'database_metrics', 'metrics': {'active_connections': 0, 'query_times': {}, 'deadlocks': 0, 'cache_hits': 0, 'cache_misses': 0}, 'timestamp': '2025-02-19T06:32:08.960524'}
2025-02-19T06:33:12.468943 - Thread-4 - jsquared.db - INFO - {'event': 'database_metrics', 'metrics': {'active_connections': 0, 'query_times': {}, 'deadlocks': 0, 'cache_hits': 0, 'cache_misses': 0}, 'timestamp': '2025-02-19T06:33:12.467729'}
2025-02-19T09:21:11.688153 - Thread-4 (monitor) - jsquared.db - INFO - {'event': 'database_metrics', 'metrics': {'active_connections': 0, 'query_times': {}, 'deadlocks': 0, 'cache_hits': 0, 'cache_misses': 0}, 'timestamp': '2025-02-19T09:21:11.686056'}
2025-02-19T09:21:41.708975 - Thread-4 (monitor) - jsquared.db - INFO - {'event': 'database_metrics', 'metrics': {'active_connections': 0, 'query_times': {}, 'deadlocks': 0, 'cache_hits': 0, 'cache_misses': 0}, 'timestamp': '2025-02-19T09:21:41.707771'}
2025-02-19T09:22:11.712641 - Thread-4 (monitor) - jsquared.db - INFO - {'event': 'database_metrics', 'metrics': {'active_connections': 0, 'query_times': {}, 'deadlocks': 0, 'cache_hits': 0, 'cache_misses': 0}, 'timestamp': '2025-02-19T09:22:11.712226'}
2025-02-19T09:23:02.685677 - Thread-4 (monitor) - jsquared.db - INFO - {'event': 'database_metrics', 'metrics': {'active_connections': 0, 'query_times': {}, 'deadlocks': 0, 'cache_hits': 0, 'cache_misses': 0}, 'timestamp': '2025-02-19T09:23:02.684024'}
2025-02-19T09:23:32.702592 - Thread-4 (monitor) - jsquared.db - INFO - {'event': 'database_metrics', 'metrics': {'active_connections': 0, 'query_times': {}, 'deadlocks': 0, 'cache_hits': 0, 'cache_misses': 0}, 'timestamp': '2025-02-19T09:23:32.701019'}
2025-02-19T09:24:02.708636 - Thread-4 (monitor) - jsquared.db - INFO - {'event': 'database_metrics', 'metrics': {'active_connections': 0, 'query_times': {}, 'deadlocks': 0, 'cache_hits': 0, 'cache_misses': 0}, 'timestamp': '2025-02-19T09:24:02.708458'}
2025-02-19T12:21:52.353961 - Thread-4 (monitor) - jsquared.db - INFO - {'event': 'database_metrics', 'metrics': {'active_connections': 0, 'query_times': {}, 'deadlocks': 0, 'cache_hits': 0, 'cache_misses': 0}, 'timestamp': '2025-02-19T12:21:52.335690'}
2025-02-19T12:59:04.111904 - Thread-4 (monitor) - jsquared.db - INFO - {'event': 'database_metrics', 'metrics': {'active_connections': 0, 'query_times': {}, 'deadlocks': 0, 'cache_hits': 0, 'cache_misses': 0}, 'timestamp': '2025-02-19T12:59:04.111864'}
2025-02-19T12:59:23.882090 - Thread-4 (monitor) - jsquared.db - INFO - {'event': 'database_metrics', 'metrics': {'active_connections': 0, 'query_times': {}, 'deadlocks': 0, 'cache_hits': 0, 'cache_misses': 0}, 'timestamp': '2025-02-19T12:59:23.873820'}
2025-02-19T12:59:37.733203 - Thread-4 (monitor) - jsquared.db - INFO - {'event': 'database_metrics', 'metrics': {'active_connections': 0, 'query_times': {}, 'deadlocks': 0, 'cache_hits': 0, 'cache_misses': 0}, 'timestamp': '2025-02-19T12:59:37.733013'}
2025-02-19T12:59:42.301353 - Thread-4 (monitor) - jsquared.db - INFO - {'event': 'database_metrics', 'metrics': {'active_connections': 0, 'query_times': {}, 'deadlocks': 0, 'cache_hits': 0, 'cache_misses': 0}, 'timestamp': '2025-02-19T12:59:42.294912'}
2025-02-19T12:59:57.619209 - Thread-4 (monitor) - jsquared.db - INFO - {'event': 'database_metrics', 'metrics': {'active_connections': 0, 'query_times': {}, 'deadlocks': 0, 'cache_hits': 0, 'cache_misses': 0}, 'timestamp': '2025-02-19T12:59:57.617562'}
2025-02-19T13:00:02.276846 - Thread-4 (monitor) - jsquared.db - INFO - {'event': 'database_metrics', 'metrics': {'active_connections': 0, 'query_times': {}, 'deadlocks': 0, 'cache_hits': 0, 'cache_misses': 0}, 'timestamp': '2025-02-19T13:00:02.257384'}
2025-02-19T13:00:07.411907 - Thread-4 (monitor) - jsquared.db - INFO - {'event': 'database_metrics', 'metrics': {'active_connections': 0, 'query_times': {}, 'deadlocks': 0, 'cache_hits': 0, 'cache_misses': 0}, 'timestamp': '2025-02-19T13:00:07.396036'}
2025-02-19T13:00:11.825124 - Thread-4 (monitor) - jsquared.db - INFO - {'event': 'database_metrics', 'metrics': {'active_connections': 0, 'query_times': {}, 'deadlocks': 0, 'cache_hits': 0, 'cache_misses': 0}, 'timestamp': '2025-02-19T13:00:11.824993'}
2025-02-19T13:08:51.313065 - Thread-4 (monitor) - jsquared.db - INFO - {'event': 'database_metrics', 'metrics': {'active_connections': 0, 'query_times': {}, 'deadlocks': 0, 'cache_hits': 0, 'cache_misses': 0}, 'timestamp': '2025-02-19T13:08:51.311405'}
2025-02-19T13:09:10.560958 - Thread-4 (monitor) - jsquared.db - INFO - {'event': 'database_metrics', 'metrics': {'active_connections': 0, 'query_times': {}, 'deadlocks': 0, 'cache_hits': 0, 'cache_misses': 0}, 'timestamp': '2025-02-19T13:09:10.560738'}
2025-02-19T13:09:31.605672 - Thread-4 (monitor) - jsquared.db - INFO - {'event': 'database_metrics', 'metrics': {'active_connections': 0, 'query_times': {}, 'deadlocks': 0, 'cache_hits': 0, 'cache_misses': 0}, 'timestamp': '2025-02-19T13:09:31.603872'}
2025-02-19T13:10:04.312418 - Thread-4 (monitor) - jsquared.db - INFO - {'event': 'database_metrics', 'metrics': {'active_connections': 0, 'query_times': {}, 'deadlocks': 0, 'cache_hits': 0, 'cache_misses': 0}, 'timestamp': '2025-02-19T13:10:04.310948'}
2025-02-19T13:10:18.046892 - Thread-4 (monitor) - jsquared.db - INFO - {'event': 'database_metrics', 'metrics': {'active_connections': 0, 'query_times': {}, 'deadlocks': 0, 'cache_hits': 0, 'cache_misses': 0}, 'timestamp': '2025-02-19T13:10:18.045600'}
2025-02-19T13:14:29.113126 - Thread-4 (monitor) - jsquared.db - INFO - {'event': 'database_metrics', 'metrics': {'active_connections': 0, 'query_times': {}, 'deadlocks': 0, 'cache_hits': 0, 'cache_misses': 0}, 'timestamp': '2025-02-19T13:14:29.106179'}
2025-02-19T13:14:37.018923 - Thread-4 (monitor) - jsquared.db - INFO - {'event': 'database_metrics', 'metrics': {'active_connections': 0, 'query_times': {}, 'deadlocks': 0, 'cache_hits': 0, 'cache_misses': 0}, 'timestamp': '2025-02-19T13:14:37.016989'}
2025-02-19T13:15:08.384801 - Thread-4 (monitor) - jsquared.db - INFO - {'event': 'database_metrics', 'metrics': {'active_connections': 0, 'query_times': {}, 'deadlocks': 0, 'cache_hits': 0, 'cache_misses': 0}, 'timestamp': '2025-02-19T13:15:08.383603'}
2025-02-19T13:15:27.542349 - Thread-4 (monitor) - jsquared.db - INFO - {'event': 'database_metrics', 'metrics': {'active_connections': 0, 'query_times': {}, 'deadlocks': 0, 'cache_hits': 0, 'cache_misses': 0}, 'timestamp': '2025-02-19T13:15:27.540629'}
2025-02-19T13:16:15.799214 - Thread-4 (monitor) - jsquared.db - INFO - {'event': 'database_metrics', 'metrics': {'active_connections': 0, 'query_times': {}, 'deadlocks': 0, 'cache_hits': 0, 'cache_misses': 0}, 'timestamp': '2025-02-19T13:16:15.785762'}
2025-02-19T13:16:53.197294 - Thread-4 (monitor) - jsquared.db - INFO - {'event': 'database_metrics', 'metrics': {'active_connections': 0, 'query_times': {}, 'deadlocks': 0, 'cache_hits': 0, 'cache_misses': 0}, 'timestamp': '2025-02-19T13:16:53.196300'}
2025-02-19T13:17:08.204465 - Thread-4 (monitor) - jsquared.db - INFO - {'event': 'database_metrics', 'metrics': {'active_connections': 0, 'query_times': {}, 'deadlocks': 0, 'cache_hits': 0, 'cache_misses': 0}, 'timestamp': '2025-02-19T13:17:08.203099'}
2025-02-19T13:29:35.697483 - Thread-4 (monitor) - jsquared.db - INFO - {'event': 'database_metrics', 'metrics': {'active_connections': 0, 'query_times': {}, 'deadlocks': 0, 'cache_hits': 0, 'cache_misses': 0}, 'timestamp': '2025-02-19T13:29:35.696636'}
2025-02-19T13:30:04.239717 - Thread-4 (monitor) - jsquared.db - INFO - {'event': 'database_metrics', 'metrics': {'active_connections': 0, 'query_times': {}, 'deadlocks': 0, 'cache_hits': 0, 'cache_misses': 0}, 'timestamp': '2025-02-19T13:30:04.237799'}
2025-02-19T13:30:36.920923 - Thread-4 (monitor) - jsquared.db - INFO - {'event': 'database_metrics', 'metrics': {'active_connections': 0, 'query_times': {}, 'deadlocks': 0, 'cache_hits': 0, 'cache_misses': 0}, 'timestamp': '2025-02-19T13:30:36.913706'}
2025-02-19T13:31:30.882044 - Thread-4 (monitor) - jsquared.db - INFO - {'event': 'database_metrics', 'metrics': {'active_connections': 0, 'query_times': {}, 'deadlocks': 0, 'cache_hits': 0, 'cache_misses': 0}, 'timestamp': '2025-02-19T13:31:30.881514'}
2025-02-19T16:06:46.701223 - Thread-4 (monitor) - jsquared.db - INFO - {'event': 'database_metrics', 'metrics': {'active_connections': 0, 'query_times': {}, 'deadlocks': 0, 'cache_hits': 0, 'cache_misses': 0}, 'timestamp': '2025-02-19T16:06:46.699631'}
2025-02-19T16:07:04.282727 - Thread-4 (monitor) - jsquared.db - INFO - {'event': 'database_metrics', 'metrics': {'active_connections': 0, 'query_times': {}, 'deadlocks': 0, 'cache_hits': 0, 'cache_misses': 0}, 'timestamp': '2025-02-19T16:07:04.281011'}
2025-02-19T16:07:29.994821 - Thread-4 (monitor) - jsquared.db - INFO - {'event': 'database_metrics', 'metrics': {'active_connections': 0, 'query_times': {}, 'deadlocks': 0, 'cache_hits': 0, 'cache_misses': 0}, 'timestamp': '2025-02-19T16:07:29.992985'}
2025-02-19T16:08:33.981754 - Thread-4 (monitor) - jsquared.db - INFO - {'event': 'database_metrics', 'metrics': {'active_connections': 0, 'query_times': {}, 'deadlocks': 0, 'cache_hits': 0, 'cache_misses': 0}, 'timestamp': '2025-02-19T16:08:33.980757'}
2025-02-19T16:09:11.559650 - Thread-4 (monitor) - jsquared.db - INFO - {'event': 'database_metrics', 'metrics': {'active_connections': 0, 'query_times': {}, 'deadlocks': 0, 'cache_hits': 0, 'cache_misses': 0}, 'timestamp': '2025-02-19T16:09:11.558894'}
2025-02-19T16:50:30.494825 - Thread-4 (monitor) - jsquared.db - INFO - {'event': 'database_metrics', 'metrics': {'active_connections': 0, 'query_times': {}, 'deadlocks': 0, 'cache_hits': 0, 'cache_misses': 0}, 'timestamp': '2025-02-19T16:50:30.493256'}
2025-02-19T16:50:54.541669 - Thread-4 (monitor) - jsquared.db - INFO - {'event': 'database_metrics', 'metrics': {'active_connections': 0, 'query_times': {}, 'deadlocks': 0, 'cache_hits': 0, 'cache_misses': 0}, 'timestamp': '2025-02-19T16:50:54.540787'}
2025-02-19T16:51:19.273813 - Thread-4 (monitor) - jsquared.db - INFO - {'event': 'database_metrics', 'metrics': {'active_connections': 0, 'query_times': {}, 'deadlocks': 0, 'cache_hits': 0, 'cache_misses': 0}, 'timestamp': '2025-02-19T16:51:19.271765'}
2025-02-19T16:51:45.131572 - Thread-4 (monitor) - jsquared.db - INFO - {'event': 'database_metrics', 'metrics': {'active_connections': 0, 'query_times': {}, 'deadlocks': 0, 'cache_hits': 0, 'cache_misses': 0}, 'timestamp': '2025-02-19T16:51:45.130668'}
2025-02-19T17:19:47.160345 - Thread-4 (monitor) - jsquared.db - INFO - {'event': 'database_metrics', 'metrics': {'active_connections': 0, 'query_times': {}, 'deadlocks': 0, 'cache_hits': 0, 'cache_misses': 0}, 'timestamp': '2025-02-19T17:19:47.159739'}
2025-02-19T17:23:10.869645 - Thread-4 (monitor) - jsquared.db - INFO - {'event': 'database_metrics', 'metrics': {'active_connections': 0, 'query_times': {}, 'deadlocks': 0, 'cache_hits': 0, 'cache_misses': 0}, 'timestamp': '2025-02-19T17:23:10.867771'}
2025-02-19T17:23:44.643705 - Thread-4 (monitor) - jsquared.db - INFO - {'event': 'database_metrics', 'metrics': {'active_connections': 0, 'query_times': {}, 'deadlocks': 0, 'cache_hits': 0, 'cache_misses': 0}, 'timestamp': '2025-02-19T17:23:44.642229'}
2025-02-19T17:24:27.031888 - Thread-4 (monitor) - jsquared.db - INFO - {'event': 'database_metrics', 'metrics': {'active_connections': 0, 'query_times': {}, 'deadlocks': 0, 'cache_hits': 0, 'cache_misses': 0}, 'timestamp': '2025-02-19T17:24:27.030139'}
2025-02-19T17:25:05.394338 - Thread-4 (monitor) - jsquared.db - INFO - {'event': 'database_metrics', 'metrics': {'active_connections': 0, 'query_times': {}, 'deadlocks': 0, 'cache_hits': 0, 'cache_misses': 0}, 'timestamp': '2025-02-19T17:25:05.392584'}
2025-02-19T17:25:49.002837 - Thread-4 (monitor) - jsquared.db - INFO - {'event': 'database_metrics', 'metrics': {'active_connections': 0, 'query_times': {}, 'deadlocks': 0, 'cache_hits': 0, 'cache_misses': 0}, 'timestamp': '2025-02-19T17:25:49.001275'}
2025-02-19T17:34:56.582722 - Thread-4 (monitor) - jsquared.db - INFO - {'event': 'database_metrics', 'metrics': {'active_connections': 0, 'query_times': {}, 'deadlocks': 0, 'cache_hits': 0, 'cache_misses': 0}, 'timestamp': '2025-02-19T17:34:56.582064'}
2025-02-19T17:35:43.312711 - Thread-4 (monitor) - jsquared.db - INFO - {'event': 'database_metrics', 'metrics': {'active_connections': 0, 'query_times': {}, 'deadlocks': 0, 'cache_hits': 0, 'cache_misses': 0}, 'timestamp': '2025-02-19T17:35:43.312117'}
2025-02-19T17:36:35.587252 - Thread-4 (monitor) - jsquared.db - INFO - {'event': 'database_metrics', 'metrics': {'active_connections': 0, 'query_times': {}, 'deadlocks': 0, 'cache_hits': 0, 'cache_misses': 0}, 'timestamp': '2025-02-19T17:36:35.586997'}
2025-02-19T17:37:27.896229 - Thread-4 (monitor) - jsquared.db - INFO - {'event': 'database_metrics', 'metrics': {'active_connections': 0, 'query_times': {}, 'deadlocks': 0, 'cache_hits': 0, 'cache_misses': 0}, 'timestamp': '2025-02-19T17:37:27.895136'}
2025-02-19T17:47:30.543246 - Thread-4 (monitor) - jsquared.db - INFO - {'event': 'database_metrics', 'metrics': {'active_connections': 0, 'query_times': {}, 'deadlocks': 0, 'cache_hits': 0, 'cache_misses': 0}, 'timestamp': '2025-02-19T17:47:30.524690'}
2025-02-19T17:47:58.768841 - Thread-4 (monitor) - jsquared.db - INFO - {'event': 'database_metrics', 'metrics': {'active_connections': 0, 'query_times': {}, 'deadlocks': 0, 'cache_hits': 0, 'cache_misses': 0}, 'timestamp': '2025-02-19T17:47:58.768685'}
2025-02-19T17:48:25.300624 - Thread-4 (monitor) - jsquared.db - INFO - {'event': 'database_metrics', 'metrics': {'active_connections': 0, 'query_times': {}, 'deadlocks': 0, 'cache_hits': 0, 'cache_misses': 0}, 'timestamp': '2025-02-19T17:48:25.300506'}
2025-02-19T17:48:56.681523 - Thread-4 (monitor) - jsquared.db - INFO - {'event': 'database_metrics', 'metrics': {'active_connections': 0, 'query_times': {}, 'deadlocks': 0, 'cache_hits': 0, 'cache_misses': 0}, 'timestamp': '2025-02-19T17:48:56.675145'}
1740062013 - Thread-4 (monitor) - jsquared.db - INFO - {'event': 'database_metrics', 'metrics': {'active_connections': 0, 'query_times': {}, 'deadlocks': 0, 'cache_hits': 0, 'cache_misses': 0}, 'timestamp': 1740062013}
1740062051 - Thread-4 (monitor) - jsquared.db - INFO - {'event': 'database_metrics', 'metrics': {'active_connections': 0, 'query_times': {}, 'deadlocks': 0, 'cache_hits': 0, 'cache_misses': 0}, 'timestamp': 1740062051}
1740062108 - Thread-4 (monitor) - jsquared.db - INFO - {'event': 'database_metrics', 'metrics': {'active_connections': 0, 'query_times': {}, 'deadlocks': 0, 'cache_hits': 0, 'cache_misses': 0}, 'timestamp': 1740062108}
1740062382 - Thread-4 (monitor) - jsquared.db - INFO - {'event': 'database_metrics', 'metrics': {'active_connections': 0, 'query_times': {}, 'deadlocks': 0, 'cache_hits': 0, 'cache_misses': 0}, 'timestamp': 1740062382}
